19:03:08.727 [main] DEBUG org.testng.TestNG -- suiteXmlPath: "/Users/larisabuga/Library/Caches/JetBrains/IdeaIC2023.3/temp-testng-customsuite.xml"
19:03:08.896 [main] INFO  org.testng.internal.Utils -- [TestNG] Running:
  /Users/larisabuga/Library/Caches/JetBrains/IdeaIC2023.3/temp-testng-customsuite.xml

19:03:08.903 [main] INFO  tests.BaseTest -- ============ Start test =============
19:03:08.906 [main] INFO  core.AppManager -- Выбран браузер - chrome
19:03:18.980 [main] INFO  core.AppManager -- Открываем страницу - https://demowebshop.tricentis.com/
19:03:20.145 [main] INFO  tests.BaseTest -- Test is started: test1
19:03:26.428 [main] INFO  tests.BaseTest -- Test 'Проверка успешной регистрации' - PASSED
19:03:26.428 [main] INFO  tests.BaseTest -- ===========================
19:03:26.433 [main] INFO  tests.BaseTest -- ============= Stop test ===============
19:22:47.602 [Test worker] ERROR io.qameta.allure.AllureLifecycle -- Could not start step: no test case running
19:22:47.604 [Test worker] ERROR io.qameta.allure.AllureLifecycle -- Could not start step: no test case running
19:22:47.604 [Test worker] ERROR io.qameta.allure.AllureLifecycle -- Could not update step: no step running
19:22:47.605 [Test worker] ERROR io.qameta.allure.AllureLifecycle -- Could not stop step: no step running
19:22:47.605 [Test worker] ERROR io.qameta.allure.AllureLifecycle -- Could not update step: no step running
19:22:47.605 [Test worker] ERROR io.qameta.allure.AllureLifecycle -- Could not stop step: no step running
19:22:47.673 [Test worker] INFO  tests.BaseTest -- ============ Start test =============
19:22:47.683 [Test worker] INFO  core.AppManager -- Выбран браузер - firefox
19:22:51.565 [Test worker] INFO  core.AppManager -- Открываем страницу - https://demowebshop.tricentis.com/
19:22:52.463 [Test worker] INFO  tests.BaseTest -- Test is started: test3
19:23:25.873 [Test worker] INFO  tests.BaseTest -- Test 'Успешное добавление второго товара из списка' - FAILED
19:23:25.873 [Test worker] INFO  tests.BaseTest -- ===========================
19:23:25.877 [Test worker] INFO  tests.BaseTest -- Test is started: test4
19:24:04.858 [Test worker] INFO  tests.BaseTest -- Test 'Проверка очистки корзины' - FAILED
19:24:04.859 [Test worker] INFO  tests.BaseTest -- ===========================
19:24:04.862 [Test worker] INFO  tests.BaseTest -- Test is started: test5
19:24:26.475 [Test worker] INFO  tests.BaseTest -- Test 'Проверка наличия товара в корзине' - FAILED
19:24:26.476 [Test worker] INFO  tests.BaseTest -- ===========================
19:24:26.480 [Test worker] INFO  tests.BaseTest -- Test is started: test2
19:24:29.992 [Test worker] INFO  tests.BaseTest -- Test 'Проверка успешной регистрации' - PASSED
19:24:29.993 [Test worker] INFO  tests.BaseTest -- ===========================
19:24:29.996 [Test worker] INFO  tests.BaseTest -- Test is started: test1
19:24:36.282 [Test worker] INFO  tests.BaseTest -- Test 'Проверка успешной регистрации' - PASSED
19:24:36.282 [Test worker] INFO  tests.BaseTest -- ===========================
19:24:36.295 [Test worker] INFO  tests.BaseTest -- ============= Stop test ===============
19:28:12.841 [main] DEBUG org.testng.TestNG -- suiteXmlPath: "/Users/larisabuga/Library/Caches/JetBrains/IdeaIC2023.3/temp-testng-customsuite.xml"
19:28:13.017 [main] INFO  org.testng.internal.Utils -- [TestNG] Running:
  /Users/larisabuga/Library/Caches/JetBrains/IdeaIC2023.3/temp-testng-customsuite.xml

19:28:13.025 [main] INFO  tests.BaseTest -- ============ Start test =============
19:28:13.027 [main] INFO  core.AppManager -- Выбран браузер - chrome
19:28:15.082 [main] INFO  core.AppManager -- Открываем страницу - https://demowebshop.tricentis.com/
19:28:15.961 [main] INFO  tests.BaseTest -- Test is started: test3
19:28:24.609 [main] INFO  tests.BaseTest -- Test 'Успешное добавление второго товара из списка' - FAILED
19:28:24.610 [main] INFO  tests.BaseTest -- ===========================
19:28:24.612 [main] INFO  tests.BaseTest -- Test is started: test4
19:28:26.984 [main] INFO  tests.BaseTest -- Test 'Проверка очистки корзины' - FAILED
19:28:26.984 [main] INFO  tests.BaseTest -- ===========================
19:28:26.986 [main] INFO  tests.BaseTest -- Test is started: test5
19:28:30.111 [main] INFO  tests.BaseTest -- Test 'Проверка наличия товара в корзине' - PASSED
19:28:30.111 [main] INFO  tests.BaseTest -- ===========================
19:28:30.115 [main] INFO  tests.BaseTest -- ============= Stop test ===============
19:31:38.649 [main] DEBUG org.testng.TestNG -- suiteXmlPath: "/Users/larisabuga/Library/Caches/JetBrains/IdeaIC2023.3/temp-testng-customsuite.xml"
19:31:38.875 [main] INFO  org.testng.internal.Utils -- [TestNG] Running:
  /Users/larisabuga/Library/Caches/JetBrains/IdeaIC2023.3/temp-testng-customsuite.xml

19:31:38.885 [main] INFO  tests.BaseTest -- ============ Start test =============
19:31:38.888 [main] INFO  core.AppManager -- Выбран браузер - chrome
19:31:40.858 [main] INFO  core.AppManager -- Открываем страницу - https://demowebshop.tricentis.com/
19:31:41.726 [main] INFO  tests.BaseTest -- Test is started: test3
19:31:53.181 [main] INFO  tests.BaseTest -- Test 'Успешное добавление второго товара из списка' - FAILED
19:31:53.182 [main] INFO  tests.BaseTest -- ===========================
19:31:53.185 [main] INFO  tests.BaseTest -- Test is started: test4
19:31:56.629 [main] INFO  tests.BaseTest -- Test 'Проверка очистки корзины' - FAILED
19:31:56.629 [main] INFO  tests.BaseTest -- ===========================
19:31:56.631 [main] INFO  tests.BaseTest -- Test is started: test5
19:31:59.660 [main] INFO  tests.BaseTest -- Test 'Проверка наличия товара в корзине' - PASSED
19:31:59.661 [main] INFO  tests.BaseTest -- ===========================
19:31:59.665 [main] INFO  tests.BaseTest -- ============= Stop test ===============
19:32:59.191 [main] DEBUG org.testng.TestNG -- suiteXmlPath: "/Users/larisabuga/Library/Caches/JetBrains/IdeaIC2023.3/temp-testng-customsuite.xml"
19:32:59.399 [main] INFO  org.testng.internal.Utils -- [TestNG] Running:
  /Users/larisabuga/Library/Caches/JetBrains/IdeaIC2023.3/temp-testng-customsuite.xml

19:32:59.408 [main] INFO  tests.BaseTest -- ============ Start test =============
19:32:59.411 [main] INFO  core.AppManager -- Выбран браузер - chrome
19:33:01.089 [main] INFO  core.AppManager -- Открываем страницу - https://demowebshop.tricentis.com/
19:33:01.932 [main] INFO  tests.BaseTest -- Test is started: test3
19:33:13.395 [main] INFO  tests.BaseTest -- Test 'Успешное добавление второго товара из списка' - FAILED
19:33:13.396 [main] INFO  tests.BaseTest -- ===========================
19:33:13.404 [main] INFO  tests.BaseTest -- ============= Stop test ===============
19:35:51.820 [main] DEBUG org.testng.TestNG -- suiteXmlPath: "/Users/larisabuga/Library/Caches/JetBrains/IdeaIC2023.3/temp-testng-customsuite.xml"
19:35:52.028 [main] INFO  org.testng.internal.Utils -- [TestNG] Running:
  /Users/larisabuga/Library/Caches/JetBrains/IdeaIC2023.3/temp-testng-customsuite.xml

19:35:52.037 [main] INFO  tests.BaseTest -- ============ Start test =============
19:35:52.040 [main] INFO  core.AppManager -- Выбран браузер - chrome
19:35:53.745 [main] INFO  core.AppManager -- Открываем страницу - https://demowebshop.tricentis.com/
19:35:55.026 [main] INFO  tests.BaseTest -- Test is started: test3
19:36:06.511 [main] INFO  tests.BaseTest -- Test 'Успешное добавление второго товара из списка' - FAILED
19:36:06.511 [main] INFO  tests.BaseTest -- ===========================
19:36:06.517 [main] INFO  tests.BaseTest -- ============= Stop test ===============
19:36:48.060 [main] DEBUG org.testng.TestNG -- suiteXmlPath: "/Users/larisabuga/Library/Caches/JetBrains/IdeaIC2023.3/temp-testng-customsuite.xml"
19:36:48.280 [main] INFO  org.testng.internal.Utils -- [TestNG] Running:
  /Users/larisabuga/Library/Caches/JetBrains/IdeaIC2023.3/temp-testng-customsuite.xml

19:36:48.289 [main] INFO  tests.BaseTest -- ============ Start test =============
19:36:48.294 [main] INFO  core.AppManager -- Выбран браузер - chrome
19:36:49.907 [main] INFO  core.AppManager -- Открываем страницу - https://demowebshop.tricentis.com/
19:36:50.863 [main] INFO  tests.BaseTest -- Test is started: test3
19:37:02.283 [main] INFO  tests.BaseTest -- Test 'Успешное добавление второго товара из списка' - PASSED
19:37:02.284 [main] INFO  tests.BaseTest -- ===========================
19:37:02.286 [main] INFO  tests.BaseTest -- Test is started: test4
19:37:05.769 [main] INFO  tests.BaseTest -- Test 'Проверка очистки корзины' - FAILED
19:37:05.769 [main] INFO  tests.BaseTest -- ===========================
19:37:05.770 [main] INFO  tests.BaseTest -- Test is started: test5
19:37:12.361 [main] INFO  tests.BaseTest -- Test 'Проверка наличия товара в корзине' - PASSED
19:37:12.361 [main] INFO  tests.BaseTest -- ===========================
19:37:12.365 [main] INFO  tests.BaseTest -- ============= Stop test ===============
19:38:32.114 [main] DEBUG org.testng.TestNG -- suiteXmlPath: "/Users/larisabuga/Library/Caches/JetBrains/IdeaIC2023.3/temp-testng-customsuite.xml"
19:38:32.317 [main] INFO  org.testng.internal.Utils -- [TestNG] Running:
  /Users/larisabuga/Library/Caches/JetBrains/IdeaIC2023.3/temp-testng-customsuite.xml

19:38:32.325 [main] INFO  tests.BaseTest -- ============ Start test =============
19:38:32.329 [main] INFO  core.AppManager -- Выбран браузер - chrome
19:38:33.918 [main] INFO  core.AppManager -- Открываем страницу - https://demowebshop.tricentis.com/
19:38:35.565 [main] INFO  tests.BaseTest -- Test is started: test4
19:38:47.116 [main] INFO  tests.BaseTest -- Test 'Проверка очистки корзины' - PASSED
19:38:47.117 [main] INFO  tests.BaseTest -- ===========================
19:38:47.121 [main] INFO  tests.BaseTest -- ============= Stop test ===============
22:20:24.818 [Test worker] DEBUG org.testng.TestNG -- suiteXmlPath: "/Users/larisabuga/IdeaProjects/cohort42-1qap/HomeWork/DemoWebShop_VOM_v2/src/test/resources/smoke.xml"
22:20:25.147 [Test worker] ERROR io.qameta.allure.AllureLifecycle -- Could not start step: no test case running
22:20:25.147 [Test worker] ERROR io.qameta.allure.AllureLifecycle -- Could not start step: no test case running
22:20:25.148 [Test worker] ERROR io.qameta.allure.AllureLifecycle -- Could not update step: no step running
22:20:25.148 [Test worker] ERROR io.qameta.allure.AllureLifecycle -- Could not stop step: no step running
22:20:25.148 [Test worker] ERROR io.qameta.allure.AllureLifecycle -- Could not update step: no step running
22:20:25.148 [Test worker] ERROR io.qameta.allure.AllureLifecycle -- Could not stop step: no step running
22:20:25.206 [Test worker] INFO  tests.BaseTest -- ============ Start test =============
22:20:25.216 [Test worker] INFO  core.AppManager -- Выбран браузер - chrome
22:20:35.149 [Test worker] INFO  core.AppManager -- Открываем страницу - https://demowebshop.tricentis.com/
22:20:35.756 [Test worker] INFO  tests.BaseTest -- Test is started: test3
22:20:45.847 [Test worker] INFO  tests.BaseTest -- Test 'Успешное добавление второго товара из списка' - PASSED
22:20:45.847 [Test worker] INFO  tests.BaseTest -- ===========================
22:20:45.855 [Test worker] INFO  tests.BaseTest -- Test is started: test4
22:20:50.303 [Test worker] INFO  tests.BaseTest -- Test 'Проверка очистки корзины' - FAILED
22:20:50.304 [Test worker] INFO  tests.BaseTest -- ===========================
22:20:50.305 [Test worker] INFO  tests.BaseTest -- Test is started: test5
22:20:53.407 [Test worker] INFO  tests.BaseTest -- Test 'Проверка наличия товара в корзине' - PASSED
22:20:53.408 [Test worker] INFO  tests.BaseTest -- ===========================
22:20:53.411 [Test worker] INFO  tests.BaseTest -- Test is started: test2
22:20:55.575 [Test worker] INFO  tests.BaseTest -- Test 'Проверка успешной регистрации' - PASSED
22:20:55.575 [Test worker] INFO  tests.BaseTest -- ===========================
22:20:55.582 [Test worker] INFO  tests.BaseTest -- Test is started: test1Sm
22:21:01.440 [Test worker] INFO  tests.BaseTest -- Test 'Проверка успешной регистрации' - PASSED
22:21:01.441 [Test worker] INFO  tests.BaseTest -- ===========================
22:21:01.451 [Test worker] INFO  tests.BaseTest -- ============= Stop test ===============
16:00:11.995 [Test worker] ERROR io.qameta.allure.AllureLifecycle -- Could not start step: no test case running
16:00:11.997 [Test worker] ERROR io.qameta.allure.AllureLifecycle -- Could not start step: no test case running
16:00:11.998 [Test worker] ERROR io.qameta.allure.AllureLifecycle -- Could not update step: no step running
16:00:11.998 [Test worker] ERROR io.qameta.allure.AllureLifecycle -- Could not stop step: no step running
16:00:11.998 [Test worker] ERROR io.qameta.allure.AllureLifecycle -- Could not update step: no step running
16:00:11.998 [Test worker] ERROR io.qameta.allure.AllureLifecycle -- Could not stop step: no step running
16:00:12.058 [Test worker] INFO  tests.BaseTest -- ============ Start test =============
16:00:12.067 [Test worker] INFO  core.AppManager -- Выбран браузер - chrome
16:00:14.384 [Test worker] INFO  core.AppManager -- Открываем страницу - https://demowebshop.tricentis.com/
16:00:16.653 [Test worker] INFO  tests.BaseTest -- Test is started: test3
16:00:29.202 [Test worker] INFO  tests.BaseTest -- Test 'Успешное добавление второго товара из списка' - PASSED
16:00:29.203 [Test worker] INFO  tests.BaseTest -- ===========================
16:00:29.206 [Test worker] INFO  tests.BaseTest -- Test is started: test4
16:00:33.596 [Test worker] INFO  tests.BaseTest -- Test 'Проверка очистки корзины' - FAILED
16:00:33.597 [Test worker] INFO  tests.BaseTest -- ===========================
16:00:33.598 [Test worker] INFO  tests.BaseTest -- Test is started: test5
16:00:36.728 [Test worker] INFO  tests.BaseTest -- Test 'Проверка наличия товара в корзине' - PASSED
16:00:36.728 [Test worker] INFO  tests.BaseTest -- ===========================
16:00:36.732 [Test worker] INFO  tests.BaseTest -- Test is started: test2
16:00:39.806 [Test worker] INFO  tests.BaseTest -- Test 'Проверка успешной регистрации' - PASSED
16:00:39.807 [Test worker] INFO  tests.BaseTest -- ===========================
16:00:39.811 [Test worker] INFO  tests.BaseTest -- Test is started: test1Sm
16:00:45.724 [Test worker] INFO  tests.BaseTest -- Test 'Проверка успешной регистрации' - PASSED
16:00:45.725 [Test worker] INFO  tests.BaseTest -- ===========================
16:00:45.732 [Test worker] INFO  tests.BaseTest -- ============= Stop test ===============
19:47:25.187 [Test worker] ERROR io.qameta.allure.AllureLifecycle -- Could not start step: no test case running
19:47:25.189 [Test worker] ERROR io.qameta.allure.AllureLifecycle -- Could not start step: no test case running
19:47:25.190 [Test worker] ERROR io.qameta.allure.AllureLifecycle -- Could not update step: no step running
19:47:25.190 [Test worker] ERROR io.qameta.allure.AllureLifecycle -- Could not stop step: no step running
19:47:25.190 [Test worker] ERROR io.qameta.allure.AllureLifecycle -- Could not update step: no step running
19:47:25.190 [Test worker] ERROR io.qameta.allure.AllureLifecycle -- Could not stop step: no step running
19:47:25.247 [Test worker] INFO  tests.BaseTest -- ============ Start test =============
19:47:25.256 [Test worker] INFO  core.AppManager -- Выбран браузер - chrome
19:47:27.380 [Test worker] INFO  core.AppManager -- Открываем страницу - https://demowebshop.tricentis.com/
19:47:29.898 [Test worker] INFO  tests.BaseTest -- Test is started: test3
19:47:42.450 [Test worker] INFO  tests.BaseTest -- Test 'Успешное добавление второго товара из списка' - PASSED
19:47:42.451 [Test worker] INFO  tests.BaseTest -- ===========================
19:47:42.454 [Test worker] INFO  tests.BaseTest -- Test is started: test4
19:47:46.908 [Test worker] INFO  tests.BaseTest -- Test 'Проверка очистки корзины' - FAILED
19:47:47.399 [Test worker] INFO  tests.BaseTest -- ===========================
19:47:47.401 [Test worker] INFO  tests.BaseTest -- Test is started: test5
19:47:50.646 [Test worker] INFO  tests.BaseTest -- Test 'Проверка наличия товара в корзине' - PASSED
19:47:50.647 [Test worker] INFO  tests.BaseTest -- ===========================
19:47:50.650 [Test worker] INFO  tests.BaseTest -- Test is started: test2
19:47:52.920 [Test worker] INFO  tests.BaseTest -- Test 'Проверка успешной регистрации' - PASSED
19:47:52.920 [Test worker] INFO  tests.BaseTest -- ===========================
19:47:52.925 [Test worker] INFO  tests.BaseTest -- Test is started: test1Sm
19:47:58.828 [Test worker] INFO  tests.BaseTest -- Test 'Проверка успешной регистрации' - PASSED
19:47:58.829 [Test worker] INFO  tests.BaseTest -- ===========================
19:47:58.837 [Test worker] INFO  tests.BaseTest -- ============= Stop test ===============
20:07:50.193 [Test worker] ERROR io.qameta.allure.AllureLifecycle -- Could not start step: no test case running
20:07:50.196 [Test worker] ERROR io.qameta.allure.AllureLifecycle -- Could not start step: no test case running
20:07:50.196 [Test worker] ERROR io.qameta.allure.AllureLifecycle -- Could not update step: no step running
20:07:50.196 [Test worker] ERROR io.qameta.allure.AllureLifecycle -- Could not stop step: no step running
20:07:50.196 [Test worker] ERROR io.qameta.allure.AllureLifecycle -- Could not update step: no step running
20:07:50.196 [Test worker] ERROR io.qameta.allure.AllureLifecycle -- Could not stop step: no step running
20:07:50.253 [Test worker] INFO  tests.BaseTest -- ============ Start test =============
20:07:50.264 [Test worker] INFO  core.AppManager -- Выбран браузер - chrome
20:07:51.933 [Test worker] INFO  core.AppManager -- Открываем страницу - https://demowebshop.tricentis.com/
20:07:54.156 [Test worker] INFO  tests.BaseTest -- Test is started: test3
20:08:06.729 [Test worker] INFO  tests.BaseTest -- Test 'Успешное добавление второго товара из списка' - PASSED
20:08:06.729 [Test worker] INFO  tests.BaseTest -- ===========================
20:08:06.733 [Test worker] INFO  tests.BaseTest -- Test is started: test4
20:08:11.171 [Test worker] INFO  tests.BaseTest -- Test 'Проверка очистки корзины' - FAILED
20:08:11.355 [Test worker] INFO  tests.BaseTest -- ===========================
20:08:11.357 [Test worker] INFO  tests.BaseTest -- Test is started: test5
20:08:14.553 [Test worker] INFO  tests.BaseTest -- Test 'Проверка наличия товара в корзине' - PASSED
20:08:14.554 [Test worker] INFO  tests.BaseTest -- ===========================
20:08:14.557 [Test worker] INFO  tests.BaseTest -- Test is started: test2
20:08:16.650 [Test worker] INFO  tests.BaseTest -- Test 'Проверка успешной регистрации' - PASSED
20:08:16.651 [Test worker] INFO  tests.BaseTest -- ===========================
20:08:16.654 [Test worker] INFO  tests.BaseTest -- Test is started: test1Sm
20:08:24.302 [Test worker] INFO  tests.BaseTest -- Test 'Проверка успешной регистрации' - FAILED
20:08:24.715 [Test worker] INFO  tests.BaseTest -- ===========================
20:08:24.723 [Test worker] INFO  tests.BaseTest -- ============= Stop test ===============
20:21:43.676 [Test worker] ERROR io.qameta.allure.AllureLifecycle -- Could not start step: no test case running
20:21:43.678 [Test worker] ERROR io.qameta.allure.AllureLifecycle -- Could not start step: no test case running
20:21:43.678 [Test worker] ERROR io.qameta.allure.AllureLifecycle -- Could not update step: no step running
20:21:43.679 [Test worker] ERROR io.qameta.allure.AllureLifecycle -- Could not stop step: no step running
20:21:43.679 [Test worker] ERROR io.qameta.allure.AllureLifecycle -- Could not update step: no step running
20:21:43.679 [Test worker] ERROR io.qameta.allure.AllureLifecycle -- Could not stop step: no step running
20:21:43.739 [Test worker] INFO  tests.BaseTest -- ============ Start test =============
20:21:43.745 [Test worker] INFO  core.AppManager -- Выбран браузер - safari
20:21:45.739 [Test worker] INFO  core.AppManager -- Открываем страницу - https://demowebshop.tricentis.com/
20:21:49.473 [Test worker] INFO  tests.BaseTest -- Test is started: test3
20:21:56.430 [Test worker] INFO  tests.BaseTest -- Test 'Успешное добавление второго товара из списка' - FAILED
20:21:56.667 [Test worker] INFO  tests.BaseTest -- ===========================
20:21:56.674 [Test worker] INFO  tests.BaseTest -- Test is started: test4
20:22:02.958 [Test worker] INFO  tests.BaseTest -- Test 'Проверка очистки корзины' - FAILED
20:22:03.063 [Test worker] INFO  tests.BaseTest -- ===========================
20:22:03.065 [Test worker] INFO  tests.BaseTest -- Test is started: test5
20:22:12.813 [Test worker] INFO  tests.BaseTest -- Test 'Проверка наличия товара в корзине' - PASSED
20:22:12.814 [Test worker] INFO  tests.BaseTest -- ===========================
20:22:12.818 [Test worker] INFO  tests.BaseTest -- Test is started: test2
20:22:20.617 [Test worker] INFO  tests.BaseTest -- Test 'Проверка успешной регистрации' - PASSED
20:22:20.617 [Test worker] INFO  tests.BaseTest -- ===========================
20:22:20.627 [Test worker] INFO  tests.BaseTest -- Test is started: test1Sm
20:22:23.126 [Test worker] INFO  tests.BaseTest -- Test 'Проверка успешной регистрации' - FAILED
20:22:23.217 [Test worker] INFO  tests.BaseTest -- ===========================
20:22:23.226 [Test worker] INFO  tests.BaseTest -- ============= Stop test ===============
20:53:14.760 [main] DEBUG org.testng.TestNG -- suiteXmlPath: "/Users/larisabuga/Library/Caches/JetBrains/IdeaIC2023.3/temp-testng-customsuite.xml"
20:53:14.945 [main] INFO  org.testng.internal.Utils -- [TestNG] Running:
  /Users/larisabuga/Library/Caches/JetBrains/IdeaIC2023.3/temp-testng-customsuite.xml

20:53:14.953 [main] INFO  tests.BaseTest -- ============ Start test =============
20:53:14.955 [main] INFO  core.AppManager -- Выбран браузер - chrome
20:53:17.350 [main] INFO  core.AppManager -- Открываем страницу - https://demowebshop.tricentis.com/
20:53:19.605 [main] INFO  tests.BaseTest -- Test is started: test1Sm
20:53:25.745 [main] INFO  tests.BaseTest -- Test 'Проверка успешной регистрации' - PASSED
20:53:25.746 [main] INFO  tests.BaseTest -- ===========================
20:53:25.751 [main] INFO  tests.BaseTest -- Test is started: test2Sm
20:53:47.009 [main] INFO  tests.BaseTest -- Test 'Проверка не успешной регистрации' - FAILED
20:53:47.300 [main] INFO  tests.BaseTest -- ===========================
20:53:47.301 [main] INFO  tests.BaseTest -- Test is started: test2Sm
20:54:13.474 [main] INFO  tests.BaseTest -- Test 'Проверка не успешной регистрации' - FAILED
20:54:13.760 [main] INFO  tests.BaseTest -- ===========================
20:54:13.765 [main] INFO  tests.BaseTest -- ============= Stop test ===============
20:54:33.190 [main] DEBUG org.testng.TestNG -- suiteXmlPath: "/Users/larisabuga/Library/Caches/JetBrains/IdeaIC2023.3/temp-testng-customsuite.xml"
20:54:33.488 [main] INFO  org.testng.internal.Utils -- [TestNG] Running:
  /Users/larisabuga/Library/Caches/JetBrains/IdeaIC2023.3/temp-testng-customsuite.xml

20:54:33.507 [main] INFO  tests.BaseTest -- ============ Start test =============
20:54:33.511 [main] INFO  core.AppManager -- Выбран браузер - chrome
20:54:35.969 [main] INFO  core.AppManager -- Открываем страницу - https://demowebshop.tricentis.com/
20:54:38.119 [main] INFO  tests.BaseTest -- Test is started: test2Sm
20:55:04.082 [main] INFO  tests.BaseTest -- Test 'Проверка не успешной регистрации' - FAILED
20:55:04.363 [main] INFO  tests.BaseTest -- ===========================
20:55:04.365 [main] INFO  tests.BaseTest -- Test is started: test2Sm
20:55:30.410 [main] INFO  tests.BaseTest -- Test 'Проверка не успешной регистрации' - FAILED
20:55:30.674 [main] INFO  tests.BaseTest -- ===========================
20:55:30.678 [main] INFO  tests.BaseTest -- ============= Stop test ===============
21:06:45.855 [main] DEBUG org.testng.TestNG -- suiteXmlPath: "/Users/larisabuga/Library/Caches/JetBrains/IdeaIC2023.3/temp-testng-customsuite.xml"
21:06:46.076 [main] INFO  org.testng.internal.Utils -- [TestNG] Running:
  /Users/larisabuga/Library/Caches/JetBrains/IdeaIC2023.3/temp-testng-customsuite.xml

21:06:46.085 [main] INFO  tests.BaseTest -- ============ Start test =============
21:06:46.089 [main] INFO  core.AppManager -- Выбран браузер - chrome
21:06:47.460 [main] INFO  core.AppManager -- Открываем страницу - https://demowebshop.tricentis.com/
21:06:49.301 [main] INFO  tests.BaseTest -- Test is started: test2Sm
21:07:15.316 [main] INFO  tests.BaseTest -- Test 'Проверка не успешной регистрации' - FAILED
21:07:15.572 [main] INFO  tests.BaseTest -- ===========================
21:07:15.574 [main] INFO  tests.BaseTest -- Test is started: test2Sm
21:07:32.260 [main] DEBUG org.testng.TestNG -- suiteXmlPath: "/Users/larisabuga/Library/Caches/JetBrains/IdeaIC2023.3/temp-testng-customsuite.xml"
21:07:32.446 [main] INFO  org.testng.internal.Utils -- [TestNG] Running:
  /Users/larisabuga/Library/Caches/JetBrains/IdeaIC2023.3/temp-testng-customsuite.xml

21:07:32.458 [main] INFO  tests.BaseTest -- ============ Start test =============
21:07:32.460 [main] INFO  core.AppManager -- Выбран браузер - chrome
21:07:33.509 [main] INFO  core.AppManager -- Открываем страницу - https://demowebshop.tricentis.com/
21:07:34.662 [main] INFO  tests.BaseTest -- Test is started: test2Sm
21:08:00.621 [main] INFO  tests.BaseTest -- Test 'Проверка не успешной регистрации' - FAILED
21:08:00.855 [main] INFO  tests.BaseTest -- ===========================
21:08:00.856 [main] INFO  tests.BaseTest -- Test is started: test2Sm
21:08:26.920 [main] INFO  tests.BaseTest -- Test 'Проверка не успешной регистрации' - FAILED
21:08:27.205 [main] INFO  tests.BaseTest -- ===========================
21:08:27.210 [main] INFO  tests.BaseTest -- ============= Stop test ===============
21:10:20.713 [main] DEBUG org.testng.TestNG -- suiteXmlPath: "/Users/larisabuga/Library/Caches/JetBrains/IdeaIC2023.3/temp-testng-customsuite.xml"
21:10:21.017 [main] INFO  org.testng.internal.Utils -- [TestNG] Running:
  /Users/larisabuga/Library/Caches/JetBrains/IdeaIC2023.3/temp-testng-customsuite.xml

21:10:21.032 [main] INFO  tests.BaseTest -- ============ Start test =============
21:10:21.036 [main] INFO  core.AppManager -- Выбран браузер - chrome
21:10:22.712 [main] INFO  core.AppManager -- Открываем страницу - https://demowebshop.tricentis.com/
21:10:23.674 [main] INFO  tests.BaseTest -- Test is started: test2Sm
21:10:50.007 [main] INFO  tests.BaseTest -- Test 'Проверка не успешной регистрации' - FAILED
21:10:50.236 [main] INFO  tests.BaseTest -- ===========================
21:10:50.238 [main] INFO  tests.BaseTest -- Test is started: test2Sm
21:11:16.237 [main] INFO  tests.BaseTest -- Test 'Проверка не успешной регистрации' - FAILED
21:11:16.472 [main] INFO  tests.BaseTest -- ===========================
21:11:16.477 [main] INFO  tests.BaseTest -- ============= Stop test ===============
21:56:13.007 [main] DEBUG org.testng.TestNG -- suiteXmlPath: "/Users/larisabuga/Library/Caches/JetBrains/IdeaIC2023.3/temp-testng-customsuite.xml"
21:56:31.620 [main] DEBUG org.testng.TestNG -- suiteXmlPath: "/Users/larisabuga/Library/Caches/JetBrains/IdeaIC2023.3/temp-testng-customsuite.xml"
21:58:19.704 [main] DEBUG org.testng.TestNG -- suiteXmlPath: "/Users/larisabuga/Library/Caches/JetBrains/IdeaIC2023.3/temp-testng-customsuite.xml"
22:44:28.078 [main] DEBUG org.testng.TestNG -- suiteXmlPath: "/Users/larisabuga/Library/Caches/JetBrains/IdeaIC2023.3/temp-testng-customsuite.xml"
22:44:28.292 [main] INFO  org.testng.internal.Utils -- [TestNG] Running:
  /Users/larisabuga/Library/Caches/JetBrains/IdeaIC2023.3/temp-testng-customsuite.xml

22:44:28.300 [main] INFO  tests.BaseTest -- ============ Start test =============
22:44:28.303 [main] INFO  core.AppManager -- Выбран браузер - chrome
22:44:30.630 [main] INFO  core.AppManager -- Открываем страницу - https://demowebshop.tricentis.com/
22:44:31.886 [main] INFO  tests.BaseTest -- ============= Stop test ===============
22:48:28.794 [main] DEBUG org.testng.TestNG -- suiteXmlPath: "/Users/larisabuga/Library/Caches/JetBrains/IdeaIC2023.3/temp-testng-customsuite.xml"
22:48:28.999 [main] INFO  org.testng.internal.Utils -- [TestNG] Running:
  /Users/larisabuga/Library/Caches/JetBrains/IdeaIC2023.3/temp-testng-customsuite.xml

22:48:29.008 [main] INFO  tests.BaseTest -- ============ Start test =============
22:48:29.012 [main] INFO  core.AppManager -- Выбран браузер - chrome
22:48:30.485 [main] INFO  core.AppManager -- Открываем страницу - https://demowebshop.tricentis.com/
22:48:31.449 [main] INFO  tests.BaseTest -- ============= Stop test ===============
22:53:09.565 [main] DEBUG org.testng.TestNG -- suiteXmlPath: "/Users/larisabuga/Library/Caches/JetBrains/IdeaIC2023.3/temp-testng-customsuite.xml"
22:53:09.765 [main] INFO  org.testng.internal.Utils -- [TestNG] Running:
  /Users/larisabuga/Library/Caches/JetBrains/IdeaIC2023.3/temp-testng-customsuite.xml

22:53:09.775 [main] INFO  tests.BaseTest -- ============ Start test =============
22:53:09.778 [main] INFO  core.AppManager -- Выбран браузер - chrome
22:53:11.306 [main] INFO  core.AppManager -- Открываем страницу - https://demowebshop.tricentis.com/
22:53:12.451 [main] INFO  tests.BaseTest -- ============= Stop test ===============
22:53:38.780 [main] DEBUG org.testng.TestNG -- suiteXmlPath: "/Users/larisabuga/Library/Caches/JetBrains/IdeaIC2023.3/temp-testng-customsuite.xml"
22:53:38.978 [main] INFO  org.testng.internal.Utils -- [TestNG] Running:
  /Users/larisabuga/Library/Caches/JetBrains/IdeaIC2023.3/temp-testng-customsuite.xml

22:53:38.986 [main] INFO  tests.BaseTest -- ============ Start test =============
22:53:38.989 [main] INFO  core.AppManager -- Выбран браузер - chrome
22:53:40.100 [main] INFO  core.AppManager -- Открываем страницу - https://demowebshop.tricentis.com/
22:53:41.008 [main] INFO  tests.BaseTest -- ============= Stop test ===============
23:03:28.405 [main] DEBUG org.testng.TestNG -- suiteXmlPath: "/Users/larisabuga/Library/Caches/JetBrains/IdeaIC2023.3/temp-testng-customsuite.xml"
23:03:28.611 [main] INFO  org.testng.internal.Utils -- [TestNG] Running:
  /Users/larisabuga/Library/Caches/JetBrains/IdeaIC2023.3/temp-testng-customsuite.xml

23:03:28.621 [main] INFO  tests.BaseTest -- ============ Start test =============
23:03:28.624 [main] INFO  core.AppManager -- Выбран браузер - chrome
23:03:30.212 [main] INFO  core.AppManager -- Открываем страницу - https://demowebshop.tricentis.com/
23:03:31.014 [main] INFO  tests.BaseTest -- ============= Stop test ===============
12:58:32.590 [Test worker] ERROR io.qameta.allure.AllureLifecycle -- Could not start step: no test case running
12:58:32.592 [Test worker] ERROR io.qameta.allure.AllureLifecycle -- Could not start step: no test case running
12:58:32.592 [Test worker] ERROR io.qameta.allure.AllureLifecycle -- Could not update step: no step running
12:58:32.592 [Test worker] ERROR io.qameta.allure.AllureLifecycle -- Could not stop step: no step running
12:58:32.593 [Test worker] ERROR io.qameta.allure.AllureLifecycle -- Could not update step: no step running
12:58:32.593 [Test worker] ERROR io.qameta.allure.AllureLifecycle -- Could not stop step: no step running
12:58:32.654 [Test worker] INFO  tests.BaseTest -- ============ Start test =============
12:58:32.661 [Test worker] INFO  core.AppManager -- Выбран браузер - chrome
12:58:34.144 [Test worker] INFO  core.AppManager -- Открываем страницу - https://demowebshop.tricentis.com/
12:58:34.146 [Test worker] INFO  utils.Listener -- Переход по адресу - https://demowebshop.tricentis.com/
12:58:34.976 [Test worker] INFO  tests.BaseTest -- Test is started: test3
12:58:40.052 [Test worker] INFO  utils.Listener -- Найдены элементы [] по локатору - By.cssSelector: [href='/logout']
12:58:41.011 [Test worker] INFO  utils.Listener -- Переход по адресу - https://demowebshop.tricentis.com/
12:58:41.918 [Test worker] INFO  utils.Listener -- Найдены элементы [Decorated {[[ChromeDriver: chrome on mac (a261ea6e1fa33a8647ba6a1a8ea294d3)] -> name: removefromcart]}] по локатору - By.name: removefromcart
12:58:41.919 [Test worker] INFO  utils.Listener -- Клик по элементу - [[ChromeDriver: chrome on mac (a261ea6e1fa33a8647ba6a1a8ea294d3)] -> name: removefromcart]
12:58:44.193 [Test worker] INFO  utils.Listener -- Переход по адресу - https://demowebshop.tricentis.com/
12:58:44.512 [Test worker] INFO  utils.Listener -- Найдены элементы [Decorated {[[ChromeDriver: chrome on mac (a261ea6e1fa33a8647ba6a1a8ea294d3)] -> css selector: [value='Add to cart']]}, Decorated {[[ChromeDriver: chrome on mac (a261ea6e1fa33a8647ba6a1a8ea294d3)] -> css selector: [value='Add to cart']]}, Decorated {[[ChromeDriver: chrome on mac (a261ea6e1fa33a8647ba6a1a8ea294d3)] -> css selector: [value='Add to cart']]}, Decorated {[[ChromeDriver: chrome on mac (a261ea6e1fa33a8647ba6a1a8ea294d3)] -> css selector: [value='Add to cart']]}, Decorated {[[ChromeDriver: chrome on mac (a261ea6e1fa33a8647ba6a1a8ea294d3)] -> css selector: [value='Add to cart']]}, Decorated {[[ChromeDriver: chrome on mac (a261ea6e1fa33a8647ba6a1a8ea294d3)] -> css selector: [value='Add to cart']]}] по локатору - By.cssSelector: [value='Add to cart']
12:58:44.513 [Test worker] INFO  utils.Listener -- Клик по элементу - [[ChromeDriver: chrome on mac (a261ea6e1fa33a8647ba6a1a8ea294d3)] -> css selector: [value='Add to cart']]
12:58:47.566 [Test worker] INFO  tests.BaseTest -- Test 'Успешное добавление второго товара из списка' - PASSED
12:58:47.567 [Test worker] INFO  tests.BaseTest -- ===========================
12:58:47.569 [Test worker] INFO  tests.BaseTest -- Test is started: test4
12:58:47.583 [Test worker] INFO  utils.Listener -- Найдены элементы [Decorated {[[ChromeDriver: chrome on mac (a261ea6e1fa33a8647ba6a1a8ea294d3)] -> css selector: [href='/logout']]}] по локатору - By.cssSelector: [href='/logout']
12:58:47.584 [Test worker] INFO  utils.Listener -- Переход по адресу - https://demowebshop.tricentis.com/
12:58:47.953 [Test worker] INFO  utils.Listener -- Найдены элементы [Decorated {[[ChromeDriver: chrome on mac (a261ea6e1fa33a8647ba6a1a8ea294d3)] -> css selector: [value='Add to cart']]}, Decorated {[[ChromeDriver: chrome on mac (a261ea6e1fa33a8647ba6a1a8ea294d3)] -> css selector: [value='Add to cart']]}, Decorated {[[ChromeDriver: chrome on mac (a261ea6e1fa33a8647ba6a1a8ea294d3)] -> css selector: [value='Add to cart']]}, Decorated {[[ChromeDriver: chrome on mac (a261ea6e1fa33a8647ba6a1a8ea294d3)] -> css selector: [value='Add to cart']]}, Decorated {[[ChromeDriver: chrome on mac (a261ea6e1fa33a8647ba6a1a8ea294d3)] -> css selector: [value='Add to cart']]}, Decorated {[[ChromeDriver: chrome on mac (a261ea6e1fa33a8647ba6a1a8ea294d3)] -> css selector: [value='Add to cart']]}] по локатору - By.cssSelector: [value='Add to cart']
12:58:47.954 [Test worker] INFO  utils.Listener -- Клик по элементу - [[ChromeDriver: chrome on mac (a261ea6e1fa33a8647ba6a1a8ea294d3)] -> css selector: [value='Add to cart']]
12:58:52.057 [Test worker] INFO  tests.BaseTest -- Test 'Проверка очистки корзины' - FAILED
12:58:52.417 [Test worker] INFO  tests.BaseTest -- ===========================
12:58:52.423 [Test worker] INFO  tests.BaseTest -- Test is started: test5
12:58:52.437 [Test worker] INFO  utils.Listener -- Найдены элементы [Decorated {[[ChromeDriver: chrome on mac (a261ea6e1fa33a8647ba6a1a8ea294d3)] -> css selector: [href='/logout']]}] по локатору - By.cssSelector: [href='/logout']
12:58:52.437 [Test worker] INFO  utils.Listener -- Переход по адресу - https://demowebshop.tricentis.com/
12:58:55.509 [Test worker] INFO  tests.BaseTest -- Test 'Проверка наличия товара в корзине' - PASSED
12:58:55.509 [Test worker] INFO  tests.BaseTest -- ===========================
12:58:55.514 [Test worker] INFO  tests.BaseTest -- Test is started: test2
12:58:55.526 [Test worker] INFO  utils.Listener -- Найдены элементы [Decorated {[[ChromeDriver: chrome on mac (a261ea6e1fa33a8647ba6a1a8ea294d3)] -> css selector: [href='/logout']]}] по локатору - By.cssSelector: [href='/logout']
12:58:57.755 [Test worker] INFO  tests.BaseTest -- Test 'Проверка успешной регистрации' - PASSED
12:58:57.755 [Test worker] INFO  tests.BaseTest -- ===========================
12:58:57.768 [Test worker] INFO  tests.BaseTest -- Test is started: test1Sm
12:59:02.796 [Test worker] INFO  utils.Listener -- Найдены элементы [] по локатору - By.cssSelector: [href='/logout']
12:59:03.900 [Test worker] INFO  utils.Listener -- Найдены элементы [Decorated {[[ChromeDriver: chrome on mac (a261ea6e1fa33a8647ba6a1a8ea294d3)] -> css selector: [href='/logout']]}] по локатору - By.cssSelector: [href='/logout']
12:59:03.902 [Test worker] INFO  tests.BaseTest -- Test 'Проверка успешной регистрации' - PASSED
12:59:03.902 [Test worker] INFO  tests.BaseTest -- ===========================
12:59:03.905 [Test worker] INFO  tests.BaseTest -- Test is started: test2Sm
12:59:03.916 [Test worker] INFO  utils.Listener -- Найдены элементы [Decorated {[[ChromeDriver: chrome on mac (a261ea6e1fa33a8647ba6a1a8ea294d3)] -> css selector: [href='/logout']]}] по локатору - By.cssSelector: [href='/logout']
12:59:25.263 [Test worker] INFO  tests.BaseTest -- Test 'Проверка не успешной регистрации' - FAILED
12:59:25.535 [Test worker] INFO  tests.BaseTest -- ===========================
12:59:25.536 [Test worker] INFO  tests.BaseTest -- Test is started: test2Sm
12:59:30.574 [Test worker] INFO  utils.Listener -- Найдены элементы [] по локатору - By.cssSelector: [href='/logout']
12:59:51.538 [Test worker] INFO  tests.BaseTest -- Test 'Проверка не успешной регистрации' - FAILED
12:59:51.801 [Test worker] INFO  tests.BaseTest -- ===========================
12:59:51.808 [Test worker] INFO  tests.BaseTest -- ============= Stop test ===============
19:03:08.393 [main] DEBUG org.testng.TestNG -- suiteXmlPath: "/Users/larisabuga/Library/Caches/JetBrains/IdeaIC2023.3/temp-testng-customsuite.xml"
19:03:08.604 [main] INFO  org.testng.internal.Utils -- [TestNG] Running:
  /Users/larisabuga/Library/Caches/JetBrains/IdeaIC2023.3/temp-testng-customsuite.xml

19:03:08.613 [main] INFO  tests.BaseTest -- ============ Start test =============
19:03:08.615 [main] INFO  core.AppManager -- Выбран браузер - chrome
19:03:10.491 [main] INFO  core.AppManager -- Открываем страницу - https://demowebshop.tricentis.com/
19:03:10.493 [main] INFO  utils.Listener -- Переход по адресу - https://demowebshop.tricentis.com/
19:03:11.612 [main] INFO  tests.BaseTest -- Test is started: test2Sm
19:03:16.700 [main] INFO  utils.Listener -- Найдены элементы [] по локатору - By.cssSelector: [href='/logout']
19:07:15.141 [main] DEBUG org.testng.TestNG -- suiteXmlPath: "/Users/larisabuga/Library/Caches/JetBrains/IdeaIC2023.3/temp-testng-customsuite.xml"
19:07:15.378 [main] INFO  org.testng.internal.Utils -- [TestNG] Running:
  /Users/larisabuga/Library/Caches/JetBrains/IdeaIC2023.3/temp-testng-customsuite.xml

19:07:15.389 [main] INFO  tests.BaseTest -- ============ Start test =============
19:07:15.392 [main] INFO  core.AppManager -- Выбран браузер - chrome
19:07:17.180 [main] INFO  core.AppManager -- Открываем страницу - https://demowebshop.tricentis.com/
19:07:17.183 [main] INFO  utils.Listener -- Переход по адресу - https://demowebshop.tricentis.com/
19:07:18.012 [main] INFO  tests.BaseTest -- Test is started: test3
19:07:23.060 [main] INFO  utils.Listener -- Найдены элементы [] по локатору - By.cssSelector: [href='/logout']
19:08:34.462 [main] INFO  tests.BaseTest -- Test 'Проверка не успешной регистрации' - FAILED
19:08:36.109 [main] INFO  tests.BaseTest -- ===========================
19:08:36.119 [main] INFO  tests.BaseTest -- Test is started: test3
19:08:41.173 [main] INFO  utils.Listener -- Найдены элементы [] по локатору - By.cssSelector: [href='/logout']
19:11:49.321 [main] INFO  tests.BaseTest -- Test 'Проверка не успешной регистрации' - FAILED
19:11:49.862 [main] INFO  tests.BaseTest -- ===========================
19:11:49.864 [main] INFO  tests.BaseTest -- Test is started: test3
19:11:54.875 [main] INFO  utils.Listener -- Найдены элементы [] по локатору - By.cssSelector: [href='/logout']
