
22:09:07.281 INFO  org.testng.internal.Utils -- [TestNG] Running:
  /Users/Artur/Library/Caches/JetBrains/IdeaIC2024.1/temp-testng-customsuite.xml

22:09:07.291 INFO  tests.tests.BaseTest -- ======================================================
22:09:07.291 INFO  tests.tests.BaseTest -- ******************* Запуск тестов *******************
22:09:07.294 INFO  phonebook.core.AppManager -- Выбран браузер - errorBrowser
22:09:08.827 WARN  phonebook.core.AppManager -- Выбран браузер не из списка доступных, или с ошибкой - errorBrowser
22:09:08.832 INFO  phonebook.core.AppManager -- Открываем страницу - https://telranedu.web.app
22:09:09.466 INFO  tests.tests.BaseTest -- Test is started: test3
22:09:15.788 INFO  tests.tests.BaseTest -- Test 'test3' - 'Проверка успешной авторизации' - PASSED
22:09:15.788 INFO  tests.tests.BaseTest -- ======================================================
22:09:15.792 INFO  tests.tests.BaseTest -- Test is started: test4
22:09:21.658 INFO  tests.tests.BaseTest -- Test 'test4' - 'Проверка авторизации c не валидными данными' - PASSED
22:09:21.658 INFO  tests.tests.BaseTest -- ======================================================
22:09:21.660 INFO  tests.tests.BaseTest -- Test is started: test5
22:09:27.462 INFO  tests.tests.BaseTest -- Test 'test5' - 'Проверка успешной регистрации' - PASSED
22:09:27.462 INFO  tests.tests.BaseTest -- ======================================================
22:09:27.465 INFO  tests.tests.BaseTest -- ******************* Тесты завершены *******************
22:09:27.465 INFO  tests.tests.BaseTest -- ======================================================
22:17:19.406 ERROR io.qameta.allure.AllureLifecycle -- Could not start step: no test case running
22:17:19.408 ERROR io.qameta.allure.AllureLifecycle -- Could not start step: no test case running
22:17:19.408 ERROR io.qameta.allure.AllureLifecycle -- Could not update step: no step running
22:17:19.408 ERROR io.qameta.allure.AllureLifecycle -- Could not stop step: no step running
22:17:19.408 ERROR io.qameta.allure.AllureLifecycle -- Could not update step: no step running
22:17:19.408 ERROR io.qameta.allure.AllureLifecycle -- Could not stop step: no step running
22:17:19.409 ERROR io.qameta.allure.AllureLifecycle -- Could not start step: no test case running
22:17:19.409 ERROR io.qameta.allure.AllureLifecycle -- Could not start step: no test case running
22:17:19.409 ERROR io.qameta.allure.AllureLifecycle -- Could not update step: no step running
22:17:19.409 ERROR io.qameta.allure.AllureLifecycle -- Could not stop step: no step running
22:17:19.409 ERROR io.qameta.allure.AllureLifecycle -- Could not start step: no test case running
22:17:19.409 ERROR io.qameta.allure.AllureLifecycle -- Could not start step: no test case running
22:17:19.409 ERROR io.qameta.allure.AllureLifecycle -- Could not update step: no step running
22:17:19.409 ERROR io.qameta.allure.AllureLifecycle -- Could not stop step: no step running
22:17:19.409 ERROR io.qameta.allure.AllureLifecycle -- Could not update step: no step running
22:17:19.409 ERROR io.qameta.allure.AllureLifecycle -- Could not stop step: no step running
22:17:19.409 ERROR io.qameta.allure.AllureLifecycle -- Could not update step: no step running
22:17:19.409 ERROR io.qameta.allure.AllureLifecycle -- Could not stop step: no step running
22:17:19.477 INFO  tests.tests.BaseTest -- ======================================================
22:17:19.478 INFO  tests.tests.BaseTest -- ******************* Запуск тестов *******************
22:17:19.490 INFO  phonebook.core.AppManager -- Выбран браузер - errorBrowser
22:17:21.137 WARN  phonebook.core.AppManager -- Выбран браузер не из списка доступных, или с ошибкой - errorBrowser
22:17:21.143 INFO  phonebook.core.AppManager -- Открываем страницу - https://telranedu.web.app
22:17:21.919 INFO  tests.tests.BaseTest -- Test is started: test2
22:17:22.077 INFO  tests.tests.BaseTest -- Test 'test2' - '' - PASSED
22:17:22.077 INFO  tests.tests.BaseTest -- ======================================================
22:17:22.079 INFO  tests.tests.BaseTest -- Test is started: test6
22:17:26.318 INFO  tests.tests.BaseTest -- Test 'test6' - 'Проверка добавления контакта с валидными данными, вариант 1' - PASSED
22:17:26.319 INFO  tests.tests.BaseTest -- ======================================================
22:17:26.321 INFO  tests.tests.BaseTest -- Test is started: test7
22:17:34.185 INFO  tests.tests.BaseTest -- Test 'test7' - 'Проверка добавления контакта с валидными данными, вариант 2' - PASSED
22:17:34.186 INFO  tests.tests.BaseTest -- ======================================================
22:17:34.189 INFO  tests.tests.BaseTest -- Test is started: test1
22:17:34.273 INFO  tests.tests.BaseTest -- Test 'test1' - '' - PASSED
22:17:34.273 INFO  tests.tests.BaseTest -- ======================================================
22:17:34.277 INFO  tests.tests.BaseTest -- Test is started: test3
22:17:34.846 INFO  tests.tests.BaseTest -- Test 'test3' - 'Проверка успешной авторизации' - PASSED
22:17:34.846 INFO  tests.tests.BaseTest -- ======================================================
22:17:34.850 INFO  tests.tests.BaseTest -- Test is started: test4
22:17:40.628 INFO  tests.tests.BaseTest -- Test 'test4' - 'Проверка авторизации c не валидными данными' - PASSED
22:17:40.628 INFO  tests.tests.BaseTest -- ======================================================
22:17:40.630 INFO  tests.tests.BaseTest -- Test is started: test5
22:17:46.390 INFO  tests.tests.BaseTest -- Test 'test5' - 'Проверка успешной регистрации' - PASSED
22:17:46.391 INFO  tests.tests.BaseTest -- ======================================================
22:17:46.404 INFO  tests.tests.BaseTest -- ******************* Тесты завершены *******************
22:17:46.404 INFO  tests.tests.BaseTest -- ======================================================
22:38:06.882 ERROR io.qameta.allure.AllureLifecycle -- Could not start step: no test case running
22:38:06.883 ERROR io.qameta.allure.AllureLifecycle -- Could not start step: no test case running
22:38:06.884 ERROR io.qameta.allure.AllureLifecycle -- Could not update step: no step running
22:38:06.884 ERROR io.qameta.allure.AllureLifecycle -- Could not stop step: no step running
22:38:06.884 ERROR io.qameta.allure.AllureLifecycle -- Could not update step: no step running
22:38:06.884 ERROR io.qameta.allure.AllureLifecycle -- Could not stop step: no step running
22:38:06.884 ERROR io.qameta.allure.AllureLifecycle -- Could not start step: no test case running
22:38:06.884 ERROR io.qameta.allure.AllureLifecycle -- Could not start step: no test case running
22:38:06.884 ERROR io.qameta.allure.AllureLifecycle -- Could not update step: no step running
22:38:06.885 ERROR io.qameta.allure.AllureLifecycle -- Could not stop step: no step running
22:38:06.885 ERROR io.qameta.allure.AllureLifecycle -- Could not start step: no test case running
22:38:06.885 ERROR io.qameta.allure.AllureLifecycle -- Could not start step: no test case running
22:38:06.885 ERROR io.qameta.allure.AllureLifecycle -- Could not update step: no step running
22:38:06.885 ERROR io.qameta.allure.AllureLifecycle -- Could not stop step: no step running
22:38:06.885 ERROR io.qameta.allure.AllureLifecycle -- Could not update step: no step running
22:38:06.885 ERROR io.qameta.allure.AllureLifecycle -- Could not stop step: no step running
22:38:06.885 ERROR io.qameta.allure.AllureLifecycle -- Could not update step: no step running
22:38:06.885 ERROR io.qameta.allure.AllureLifecycle -- Could not stop step: no step running
22:38:06.941 INFO  tests.tests.BaseTest -- ======================================================
22:38:06.941 INFO  tests.tests.BaseTest -- ******************* Запуск тестов *******************
22:38:06.948 INFO  phonebook.core.AppManager -- Выбран браузер - chrome
22:38:08.670 INFO  phonebook.core.AppManager -- Открываем страницу - https://telranedu.web.app
22:38:09.153 INFO  tests.tests.BaseTest -- Test is started: test3Sm
22:38:15.483 INFO  tests.tests.BaseTest -- Test 'test3Sm' - 'Проверка успешной авторизации' - PASSED
22:38:15.483 INFO  tests.tests.BaseTest -- ======================================================
22:38:15.487 INFO  tests.tests.BaseTest -- Test is started: test5Sm
22:38:16.218 INFO  tests.tests.BaseTest -- Test 'test5Sm' - 'Проверка успешной регистрации' - PASSED
22:38:16.219 INFO  tests.tests.BaseTest -- ======================================================
22:38:16.222 INFO  tests.tests.BaseTest -- Test is started: test1
22:38:16.291 INFO  tests.tests.BaseTest -- Test 'test1' - '' - PASSED
22:38:16.291 INFO  tests.tests.BaseTest -- ======================================================
22:38:16.296 INFO  tests.tests.BaseTest -- ******************* Тесты завершены *******************
22:38:16.296 INFO  tests.tests.BaseTest -- ======================================================
22:42:55.970 ERROR io.qameta.allure.AllureLifecycle -- Could not start step: no test case running
22:42:55.971 ERROR io.qameta.allure.AllureLifecycle -- Could not start step: no test case running
22:42:55.972 ERROR io.qameta.allure.AllureLifecycle -- Could not update step: no step running
22:42:55.972 ERROR io.qameta.allure.AllureLifecycle -- Could not stop step: no step running
22:42:55.972 ERROR io.qameta.allure.AllureLifecycle -- Could not update step: no step running
22:42:55.972 ERROR io.qameta.allure.AllureLifecycle -- Could not stop step: no step running
22:42:55.973 ERROR io.qameta.allure.AllureLifecycle -- Could not start step: no test case running
22:42:55.973 ERROR io.qameta.allure.AllureLifecycle -- Could not start step: no test case running
22:42:55.973 ERROR io.qameta.allure.AllureLifecycle -- Could not update step: no step running
22:42:55.973 ERROR io.qameta.allure.AllureLifecycle -- Could not stop step: no step running
22:42:55.973 ERROR io.qameta.allure.AllureLifecycle -- Could not start step: no test case running
22:42:55.973 ERROR io.qameta.allure.AllureLifecycle -- Could not start step: no test case running
22:42:55.973 ERROR io.qameta.allure.AllureLifecycle -- Could not update step: no step running
22:42:55.973 ERROR io.qameta.allure.AllureLifecycle -- Could not stop step: no step running
22:42:55.973 ERROR io.qameta.allure.AllureLifecycle -- Could not update step: no step running
22:42:55.973 ERROR io.qameta.allure.AllureLifecycle -- Could not stop step: no step running
22:42:55.973 ERROR io.qameta.allure.AllureLifecycle -- Could not update step: no step running
22:42:55.973 ERROR io.qameta.allure.AllureLifecycle -- Could not stop step: no step running
22:42:56.043 INFO  tests.tests.BaseTest -- ======================================================
22:42:56.043 INFO  tests.tests.BaseTest -- ******************* Запуск тестов *******************
22:42:56.056 INFO  phonebook.core.AppManager -- Выбран браузер - chrome
22:42:57.570 INFO  phonebook.core.AppManager -- Открываем страницу - https://telranedu.web.app
22:42:58.131 INFO  tests.tests.BaseTest -- Test is started: test2
22:42:58.303 INFO  tests.tests.BaseTest -- Test 'test2' - '' - PASSED
22:42:58.303 INFO  tests.tests.BaseTest -- ======================================================
22:42:58.306 INFO  tests.tests.BaseTest -- Test is started: test6
22:43:49.304 ERROR io.qameta.allure.AllureLifecycle -- Could not start step: no test case running
22:43:49.306 ERROR io.qameta.allure.AllureLifecycle -- Could not start step: no test case running
22:43:49.307 ERROR io.qameta.allure.AllureLifecycle -- Could not update step: no step running
22:43:49.307 ERROR io.qameta.allure.AllureLifecycle -- Could not stop step: no step running
22:43:49.307 ERROR io.qameta.allure.AllureLifecycle -- Could not update step: no step running
22:43:49.307 ERROR io.qameta.allure.AllureLifecycle -- Could not stop step: no step running
22:43:49.308 ERROR io.qameta.allure.AllureLifecycle -- Could not start step: no test case running
22:43:49.308 ERROR io.qameta.allure.AllureLifecycle -- Could not start step: no test case running
22:43:49.308 ERROR io.qameta.allure.AllureLifecycle -- Could not update step: no step running
22:43:49.308 ERROR io.qameta.allure.AllureLifecycle -- Could not stop step: no step running
22:43:49.308 ERROR io.qameta.allure.AllureLifecycle -- Could not start step: no test case running
22:43:49.308 ERROR io.qameta.allure.AllureLifecycle -- Could not start step: no test case running
22:43:49.308 ERROR io.qameta.allure.AllureLifecycle -- Could not update step: no step running
22:43:49.308 ERROR io.qameta.allure.AllureLifecycle -- Could not stop step: no step running
22:43:49.308 ERROR io.qameta.allure.AllureLifecycle -- Could not update step: no step running
22:43:49.308 ERROR io.qameta.allure.AllureLifecycle -- Could not stop step: no step running
22:43:49.308 ERROR io.qameta.allure.AllureLifecycle -- Could not update step: no step running
22:43:49.308 ERROR io.qameta.allure.AllureLifecycle -- Could not stop step: no step running
22:43:49.379 INFO  tests.tests.BaseTest -- ======================================================
22:43:49.379 INFO  tests.tests.BaseTest -- ******************* Запуск тестов *******************
22:43:49.386 INFO  phonebook.core.AppManager -- Выбран браузер - safari
22:43:51.064 INFO  phonebook.core.AppManager -- Открываем страницу - https://telranedu.web.app
22:43:51.563 INFO  tests.tests.BaseTest -- Test is started: test2
22:43:51.777 INFO  tests.tests.BaseTest -- Test 'test2' - '' - PASSED
22:43:51.777 INFO  tests.tests.BaseTest -- ======================================================
22:43:51.783 INFO  tests.tests.BaseTest -- Test is started: test6
22:43:56.303 INFO  tests.tests.BaseTest -- Test 'test6' - 'Проверка добавления контакта с валидными данными, вариант 1' - PASSED
22:43:56.304 INFO  tests.tests.BaseTest -- ======================================================
22:43:56.307 INFO  tests.tests.BaseTest -- Test is started: test7
22:44:03.322 INFO  tests.tests.BaseTest -- Test 'test7' - 'Проверка добавления контакта с валидными данными, вариант 2' - PASSED
22:44:03.323 INFO  tests.tests.BaseTest -- ======================================================
22:44:03.329 INFO  tests.tests.BaseTest -- Test is started: test3Sm
22:44:03.800 INFO  tests.tests.BaseTest -- Test 'test3Sm' - 'Проверка успешной авторизации' - PASSED
22:44:03.800 INFO  tests.tests.BaseTest -- ======================================================
22:44:03.803 INFO  tests.tests.BaseTest -- Test is started: test4
22:44:09.567 INFO  tests.tests.BaseTest -- Test 'test4' - 'Проверка авторизации c не валидными данными' - PASSED
22:44:09.569 INFO  tests.tests.BaseTest -- ======================================================
22:44:09.570 INFO  tests.tests.BaseTest -- Test is started: test5Sm
22:44:15.247 INFO  tests.tests.BaseTest -- Test 'test5Sm' - 'Проверка успешной регистрации' - PASSED
22:44:15.247 INFO  tests.tests.BaseTest -- ======================================================
22:44:15.249 INFO  tests.tests.BaseTest -- Test is started: test1
22:44:15.288 INFO  tests.tests.BaseTest -- Test 'test1' - '' - PASSED
22:44:15.288 INFO  tests.tests.BaseTest -- ======================================================
22:44:15.295 INFO  tests.tests.BaseTest -- ******************* Тесты завершены *******************
22:44:15.295 INFO  tests.tests.BaseTest -- ======================================================
22:09:38.458 ERROR io.qameta.allure.AllureLifecycle -- Could not start step: no test case running
22:09:38.459 ERROR io.qameta.allure.AllureLifecycle -- Could not start step: no test case running
22:09:38.460 ERROR io.qameta.allure.AllureLifecycle -- Could not update step: no step running
22:09:38.460 ERROR io.qameta.allure.AllureLifecycle -- Could not stop step: no step running
22:09:38.460 ERROR io.qameta.allure.AllureLifecycle -- Could not update step: no step running
22:09:38.460 ERROR io.qameta.allure.AllureLifecycle -- Could not stop step: no step running
22:09:38.460 ERROR io.qameta.allure.AllureLifecycle -- Could not start step: no test case running
22:09:38.461 ERROR io.qameta.allure.AllureLifecycle -- Could not start step: no test case running
22:09:38.461 ERROR io.qameta.allure.AllureLifecycle -- Could not update step: no step running
22:09:38.461 ERROR io.qameta.allure.AllureLifecycle -- Could not stop step: no step running
22:09:38.461 ERROR io.qameta.allure.AllureLifecycle -- Could not start step: no test case running
22:09:38.461 ERROR io.qameta.allure.AllureLifecycle -- Could not start step: no test case running
22:09:38.461 ERROR io.qameta.allure.AllureLifecycle -- Could not update step: no step running
22:09:38.461 ERROR io.qameta.allure.AllureLifecycle -- Could not stop step: no step running
22:09:38.461 ERROR io.qameta.allure.AllureLifecycle -- Could not update step: no step running
22:09:38.461 ERROR io.qameta.allure.AllureLifecycle -- Could not stop step: no step running
22:09:38.461 ERROR io.qameta.allure.AllureLifecycle -- Could not update step: no step running
22:09:38.461 ERROR io.qameta.allure.AllureLifecycle -- Could not stop step: no step running
22:09:38.520 INFO  tests.tests.BaseTest -- ======================================================
22:09:38.521 INFO  tests.tests.BaseTest -- ******************* Запуск тестов *******************
22:09:38.527 INFO  phonebook.core.AppManager -- Выбран браузер - firefox
22:09:41.316 INFO  phonebook.core.AppManager -- Открываем страницу - https://telranedu.web.app
22:09:41.890 INFO  tests.tests.BaseTest -- Test is started: test3Sm
22:09:48.696 INFO  tests.tests.BaseTest -- Test 'test3Sm' - 'Проверка успешной авторизации' - FAILED
22:09:48.993 INFO  tests.tests.BaseTest -- ======================================================
22:09:48.997 INFO  tests.tests.BaseTest -- Test is started: test5Sm
22:09:50.383 INFO  tests.tests.BaseTest -- Test 'test5Sm' - 'Проверка успешной регистрации' - PASSED
22:09:50.383 INFO  tests.tests.BaseTest -- ======================================================
22:09:50.386 INFO  tests.tests.BaseTest -- Test is started: test1
22:09:50.636 INFO  tests.tests.BaseTest -- Test 'test1' - '' - PASSED
22:09:50.636 INFO  tests.tests.BaseTest -- ======================================================
22:09:50.640 INFO  tests.tests.BaseTest -- ******************* Тесты завершены *******************
22:09:50.640 INFO  tests.tests.BaseTest -- ======================================================
22:12:59.966 ERROR io.qameta.allure.AllureLifecycle -- Could not start step: no test case running
22:12:59.967 ERROR io.qameta.allure.AllureLifecycle -- Could not start step: no test case running
22:12:59.968 ERROR io.qameta.allure.AllureLifecycle -- Could not update step: no step running
22:12:59.968 ERROR io.qameta.allure.AllureLifecycle -- Could not stop step: no step running
22:12:59.968 ERROR io.qameta.allure.AllureLifecycle -- Could not update step: no step running
22:12:59.968 ERROR io.qameta.allure.AllureLifecycle -- Could not stop step: no step running
22:12:59.968 ERROR io.qameta.allure.AllureLifecycle -- Could not start step: no test case running
22:12:59.968 ERROR io.qameta.allure.AllureLifecycle -- Could not start step: no test case running
22:12:59.969 ERROR io.qameta.allure.AllureLifecycle -- Could not update step: no step running
22:12:59.969 ERROR io.qameta.allure.AllureLifecycle -- Could not stop step: no step running
22:12:59.969 ERROR io.qameta.allure.AllureLifecycle -- Could not start step: no test case running
22:12:59.969 ERROR io.qameta.allure.AllureLifecycle -- Could not start step: no test case running
22:12:59.969 ERROR io.qameta.allure.AllureLifecycle -- Could not update step: no step running
22:12:59.969 ERROR io.qameta.allure.AllureLifecycle -- Could not stop step: no step running
22:12:59.969 ERROR io.qameta.allure.AllureLifecycle -- Could not update step: no step running
22:12:59.969 ERROR io.qameta.allure.AllureLifecycle -- Could not stop step: no step running
22:12:59.969 ERROR io.qameta.allure.AllureLifecycle -- Could not update step: no step running
22:12:59.969 ERROR io.qameta.allure.AllureLifecycle -- Could not stop step: no step running
22:13:00.036 INFO  tests.tests.BaseTest -- ======================================================
22:13:00.037 INFO  tests.tests.BaseTest -- ******************* Запуск тестов *******************
22:13:00.047 INFO  phonebook.core.AppManager -- Выбран браузер - firefox
22:13:01.929 INFO  phonebook.core.AppManager -- Открываем страницу - https://telranedu.web.app
22:13:02.436 INFO  tests.tests.BaseTest -- Test is started: test3Sm
22:13:09.191 INFO  tests.tests.BaseTest -- Test 'test3Sm' - 'Проверка успешной авторизации' - FAILED
22:13:09.330 INFO  tests.tests.BaseTest -- ======================================================
22:13:09.333 INFO  tests.tests.BaseTest -- Test is started: test5Sm
22:13:10.671 INFO  tests.tests.BaseTest -- Test 'test5Sm' - 'Проверка успешной регистрации' - PASSED
22:13:10.671 INFO  tests.tests.BaseTest -- ======================================================
22:13:10.673 INFO  tests.tests.BaseTest -- Test is started: test1
22:13:10.908 INFO  tests.tests.BaseTest -- Test 'test1' - '' - PASSED
22:13:10.908 INFO  tests.tests.BaseTest -- ======================================================
22:13:10.913 INFO  tests.tests.BaseTest -- ******************* Тесты завершены *******************
22:13:10.913 INFO  tests.tests.BaseTest -- ======================================================
22:21:21.173 INFO  org.testng.internal.Utils -- [TestNG] Running:
  /Users/Artur/Library/Caches/JetBrains/IdeaIC2024.1/temp-testng-customsuite.xml

22:21:21.183 INFO  tests.tests.BaseTest -- ======================================================
22:21:21.183 INFO  tests.tests.BaseTest -- ******************* Запуск тестов *******************
22:21:21.185 INFO  phonebook.core.AppManager -- Выбран браузер - chrome
22:21:22.235 INFO  phonebook.core.AppManager -- Открываем страницу - https://telranedu.web.app
22:21:23.505 INFO  tests.tests.BaseTest -- Test is started: test3Sm
22:21:29.906 INFO  tests.tests.BaseTest -- Test 'test3Sm' - 'Проверка успешной авторизации' - FAILED
22:21:30.373 INFO  tests.tests.BaseTest -- ======================================================
22:21:30.377 INFO  tests.tests.BaseTest -- ******************* Тесты завершены *******************
22:21:30.377 INFO  tests.tests.BaseTest -- ======================================================
22:37:27.967 INFO  org.testng.internal.Utils -- [TestNG] Running:
  /Users/Artur/Library/Caches/JetBrains/IdeaIC2024.1/temp-testng-customsuite.xml

22:37:27.977 INFO  tests.tests.BaseTest -- ======================================================
22:37:27.978 INFO  tests.tests.BaseTest -- ******************* Запуск тестов *******************
22:37:27.980 INFO  phonebook.core.AppManager -- Выбран браузер - chrome
22:37:29.715 INFO  phonebook.core.AppManager -- Открываем страницу - https://telranedu.web.app
22:37:31.026 INFO  tests.tests.BaseTest -- Test is started: test6
22:37:42.577 INFO  tests.tests.BaseTest -- Test 'test6' - 'Проверка регистрации с не валидными данными' - PASSED
22:37:42.577 INFO  tests.tests.BaseTest -- ======================================================
22:37:42.579 INFO  tests.tests.BaseTest -- Test is started: test6
22:37:54.958 INFO  tests.tests.BaseTest -- Test 'test6' - 'Проверка регистрации с не валидными данными' - FAILED
22:37:55.274 INFO  tests.tests.BaseTest -- ======================================================
22:37:55.276 INFO  tests.tests.BaseTest -- Test is started: test6
22:38:01.041 INFO  tests.tests.BaseTest -- Test 'test6' - 'Проверка регистрации с не валидными данными' - PASSED
22:38:01.041 INFO  tests.tests.BaseTest -- ======================================================
22:38:01.043 INFO  tests.tests.BaseTest -- Test is started: test6
22:38:11.878 INFO  tests.tests.BaseTest -- Test 'test6' - 'Проверка регистрации с не валидными данными' - PASSED
22:38:11.879 INFO  tests.tests.BaseTest -- ======================================================
22:38:11.880 INFO  tests.tests.BaseTest -- Test is started: test6
22:38:22.730 INFO  tests.tests.BaseTest -- Test 'test6' - 'Проверка регистрации с не валидными данными' - PASSED
22:38:22.731 INFO  tests.tests.BaseTest -- ======================================================
22:38:22.737 INFO  tests.tests.BaseTest -- ******************* Тесты завершены *******************
22:38:22.737 INFO  tests.tests.BaseTest -- ======================================================
23:06:49.486 INFO  org.testng.internal.Utils -- [TestNG] Running:
  /Users/Artur/Library/Caches/JetBrains/IdeaIC2024.1/temp-testng-customsuite.xml

23:06:49.496 INFO  tests.tests.BaseTest -- ======================================================
23:06:49.496 INFO  tests.tests.BaseTest -- ******************* Запуск тестов *******************
23:06:49.499 INFO  phonebook.core.AppManager -- Выбран браузер - chrome
23:06:50.662 INFO  phonebook.core.AppManager -- Открываем страницу - https://telranedu.web.app
23:06:51.979 INFO  tests.tests.BaseTest -- ******************* Тесты завершены *******************
23:06:51.979 INFO  tests.tests.BaseTest -- ======================================================
23:08:12.734 INFO  org.testng.internal.Utils -- [TestNG] Running:
  /Users/Artur/Library/Caches/JetBrains/IdeaIC2024.1/temp-testng-customsuite.xml

23:08:12.745 INFO  tests.tests.BaseTest -- ======================================================
23:08:12.745 INFO  tests.tests.BaseTest -- ******************* Запуск тестов *******************
23:08:12.748 INFO  phonebook.core.AppManager -- Выбран браузер - chrome
23:08:13.861 INFO  phonebook.core.AppManager -- Открываем страницу - https://telranedu.web.app
23:09:35.760 INFO  tests.tests.BaseTest -- Test is started: test8
23:09:37.900 INFO  tests.tests.BaseTest -- Test 'test8' - 'Проверка добавления контакта с не валидными данными' - PASSED
23:09:37.901 INFO  tests.tests.BaseTest -- ======================================================
23:09:37.903 INFO  tests.tests.BaseTest -- Test is started: test8
23:09:43.898 INFO  tests.tests.BaseTest -- Test 'test8' - 'Проверка добавления контакта с не валидными данными' - PASSED
23:09:43.898 INFO  tests.tests.BaseTest -- ======================================================
23:09:43.900 INFO  tests.tests.BaseTest -- Test is started: test8
23:09:49.902 INFO  tests.tests.BaseTest -- Test 'test8' - 'Проверка добавления контакта с не валидными данными' - PASSED
23:09:49.903 INFO  tests.tests.BaseTest -- ======================================================
23:09:49.905 INFO  tests.tests.BaseTest -- Test is started: test8
23:09:55.374 INFO  tests.tests.BaseTest -- Test 'test8' - 'Проверка добавления контакта с не валидными данными' - PASSED
23:09:55.375 INFO  tests.tests.BaseTest -- ======================================================
23:09:55.375 INFO  tests.tests.BaseTest -- Test is started: test8
23:10:00.812 INFO  tests.tests.BaseTest -- Test 'test8' - 'Проверка добавления контакта с не валидными данными' - PASSED
23:10:00.812 INFO  tests.tests.BaseTest -- ======================================================
23:10:00.813 INFO  tests.tests.BaseTest -- Test is started: test8
23:10:06.242 INFO  tests.tests.BaseTest -- Test 'test8' - 'Проверка добавления контакта с не валидными данными' - PASSED
23:10:06.243 INFO  tests.tests.BaseTest -- ======================================================
23:10:06.248 INFO  tests.tests.BaseTest -- ******************* Тесты завершены *******************
23:10:06.248 INFO  tests.tests.BaseTest -- ======================================================
20:13:08.874 INFO  org.testng.internal.Utils -- [TestNG] Running:
  /Users/Artur/Library/Caches/JetBrains/IdeaIC2024.1/temp-testng-customsuite.xml

20:13:08.883 INFO  tests.tests.BaseTest -- ======================================================
20:13:08.883 INFO  tests.tests.BaseTest -- ******************* Запуск тестов *******************
20:13:08.886 INFO  phonebook.core.AppManager -- Выбран браузер - chrome
20:13:11.588 INFO  phonebook.core.AppManager -- Открываем страницу - https://telranedu.web.app
20:13:11.590 INFO  phonebook.utils.Listener -- Переход по адресу - https://telranedu.web.app
20:13:12.079 INFO  tests.tests.BaseTest -- Test is started: test9
20:13:12.124 INFO  phonebook.utils.Listener -- Найдены элементы [Decorated {[[ChromeDriver: chrome on mac (6cdca29c27ec77421dd71a6d9c195ed2)] -> css selector: [href='/login']]}] по локатору - By.cssSelector: [href='/login']
20:13:15.798 INFO  phonebook.utils.Listener -- Найдены элементы [Decorated {[[ChromeDriver: chrome on mac (6cdca29c27ec77421dd71a6d9c195ed2)] -> css selector: [class='contact-item_card__2SOIM']]}] по локатору - By.cssSelector: [class='contact-item_card__2SOIM']
20:13:21.982 INFO  phonebook.utils.Listener -- Найдены элементы [] по локатору - By.cssSelector: [class='contact-item_card__2SOIM']
20:13:27.002 INFO  phonebook.utils.Listener -- Найдены элементы [] по локатору - By.xpath: //*[text()='refmxr']
20:13:37.709 INFO  tests.tests.BaseTest -- Test 'test9' - 'Проверка удаления контакта' - FAILED
20:13:38.102 INFO  tests.tests.BaseTest -- ======================================================
20:13:38.107 INFO  tests.tests.BaseTest -- ******************* Тесты завершены *******************
20:13:38.107 INFO  tests.tests.BaseTest -- ======================================================
20:16:36.883 INFO  org.testng.internal.Utils -- [TestNG] Running:
  /Users/Artur/Library/Caches/JetBrains/IdeaIC2024.1/temp-testng-customsuite.xml

20:16:36.893 INFO  tests.tests.BaseTest -- ======================================================
20:16:36.893 INFO  tests.tests.BaseTest -- ******************* Запуск тестов *******************
20:16:36.896 INFO  phonebook.core.AppManager -- Выбран браузер - chrome
20:16:38.671 INFO  phonebook.utils.Listener -- Переход по адресу - https://telranedu.web.app
20:16:39.225 INFO  tests.tests.BaseTest -- Test is started: test9
20:16:39.270 INFO  phonebook.utils.Listener -- Найдены элементы [Decorated {[[ChromeDriver: chrome on mac (246d5c5fc4f3e224b0095ce4f5a53672)] -> css selector: [href='/login']]}] по локатору - By.cssSelector: [href='/login']
20:16:43.042 INFO  phonebook.utils.Listener -- Найдены элементы [Decorated {[[ChromeDriver: chrome on mac (246d5c5fc4f3e224b0095ce4f5a53672)] -> css selector: [class='contact-item_card__2SOIM']]}] по локатору - By.cssSelector: [class='contact-item_card__2SOIM']
20:16:49.155 INFO  phonebook.utils.Listener -- Найдены элементы [] по локатору - By.cssSelector: [class='contact-item_card__2SOIM']
20:16:54.169 INFO  phonebook.utils.Listener -- Найдены элементы [] по локатору - By.xpath: //*[text()='zqypul']
20:16:54.181 INFO  tests.tests.BaseTest -- Test 'test9' - 'Проверка удаления контакта' - PASSED
20:16:54.181 INFO  tests.tests.BaseTest -- ======================================================
20:16:54.186 INFO  tests.tests.BaseTest -- ******************* Тесты завершены *******************
20:16:54.186 INFO  tests.tests.BaseTest -- ======================================================
20:22:43.136 INFO  org.testng.internal.Utils -- [TestNG] Running:
  /Users/Artur/Library/Caches/JetBrains/IdeaIC2024.1/temp-testng-customsuite.xml

20:22:43.148 INFO  tests.tests.BaseTest -- ======================================================
20:22:43.148 INFO  tests.tests.BaseTest -- ******************* Запуск тестов *******************
20:22:43.151 INFO  phonebook.core.AppManager -- Выбран браузер - chrome
20:22:44.600 INFO  phonebook.utils.Listener -- Переход по адресу - https://telranedu.web.app
20:22:45.256 INFO  tests.tests.BaseTest -- Test is started: test7
20:22:45.299 INFO  phonebook.utils.Listener -- Найдены элементы [Decorated {[[ChromeDriver: chrome on mac (977bdc755f9fe9025be38a3599b6ff45)] -> css selector: [href='/login']]}] по локатору - By.cssSelector: [href='/login']
20:22:45.299 INFO  phonebook.utils.Listener -- Поиск элемента по локатору  - By.cssSelector: [href='/login']
20:22:45.313 INFO  phonebook.utils.Listener -- Клик по элементу - [[ChromeDriver: chrome on mac (977bdc755f9fe9025be38a3599b6ff45)] -> css selector: [href='/login']]
20:22:45.350 INFO  phonebook.utils.Listener -- Поиск элемента по локатору  - By.xpath: //*[@name='email']
20:22:45.369 INFO  phonebook.utils.Listener -- Клик по элементу - [[ChromeDriver: chrome on mac (977bdc755f9fe9025be38a3599b6ff45)] -> xpath: //*[@name='email']]
20:22:45.479 INFO  phonebook.utils.Listener -- Заполнено поле [[ChromeDriver: chrome on mac (977bdc755f9fe9025be38a3599b6ff45)] -> xpath: //*[@name='email']] значением - [testg@mail.com]
20:22:45.480 INFO  phonebook.utils.Listener -- Поиск элемента по локатору  - By.xpath: //*[@name='password']
20:22:45.491 INFO  phonebook.utils.Listener -- Клик по элементу - [[ChromeDriver: chrome on mac (977bdc755f9fe9025be38a3599b6ff45)] -> xpath: //*[@name='password']]
20:22:45.529 INFO  phonebook.utils.Listener -- Заполнено поле [[ChromeDriver: chrome on mac (977bdc755f9fe9025be38a3599b6ff45)] -> xpath: //*[@name='password']] значением - [Manuel1234$]
20:22:45.529 INFO  phonebook.utils.Listener -- Поиск элемента по локатору  - By.xpath: //*[text()='Login']
20:22:45.540 INFO  phonebook.utils.Listener -- Клик по элементу - [[ChromeDriver: chrome on mac (977bdc755f9fe9025be38a3599b6ff45)] -> xpath: //*[text()='Login']]
20:22:45.558 INFO  phonebook.utils.Listener -- Поиск элемента по локатору  - By.cssSelector: [href='/contacts']
20:22:46.505 INFO  phonebook.utils.Listener -- Клик по элементу - [[ChromeDriver: chrome on mac (977bdc755f9fe9025be38a3599b6ff45)] -> css selector: [href='/contacts']]
20:22:46.556 INFO  phonebook.utils.Listener -- Поиск элемента по локатору  - By.cssSelector: [href='/add']
20:22:46.570 INFO  phonebook.utils.Listener -- Клик по элементу - [[ChromeDriver: chrome on mac (977bdc755f9fe9025be38a3599b6ff45)] -> css selector: [href='/add']]
20:22:46.591 INFO  phonebook.utils.Listener -- Поиск элемента по локатору  - By.cssSelector: [placeholder='Name']
20:22:46.603 INFO  phonebook.utils.Listener -- Клик по элементу - [[ChromeDriver: chrome on mac (977bdc755f9fe9025be38a3599b6ff45)] -> css selector: [placeholder='Name']]
20:22:46.654 INFO  phonebook.utils.Listener -- Заполнено поле [[ChromeDriver: chrome on mac (977bdc755f9fe9025be38a3599b6ff45)] -> css selector: [placeholder='Name']] значением - [jgoinx]
20:22:46.655 INFO  phonebook.utils.Listener -- Поиск элемента по локатору  - By.cssSelector: [placeholder='Last Name']
20:22:46.664 INFO  phonebook.utils.Listener -- Клик по элементу - [[ChromeDriver: chrome on mac (977bdc755f9fe9025be38a3599b6ff45)] -> css selector: [placeholder='Last Name']]
20:22:46.704 INFO  phonebook.utils.Listener -- Заполнено поле [[ChromeDriver: chrome on mac (977bdc755f9fe9025be38a3599b6ff45)] -> css selector: [placeholder='Last Name']] значением - [Testov]
20:22:46.704 INFO  phonebook.utils.Listener -- Поиск элемента по локатору  - By.cssSelector: [placeholder='Phone']
20:22:46.714 INFO  phonebook.utils.Listener -- Клик по элементу - [[ChromeDriver: chrome on mac (977bdc755f9fe9025be38a3599b6ff45)] -> css selector: [placeholder='Phone']]
20:22:46.752 INFO  phonebook.utils.Listener -- Заполнено поле [[ChromeDriver: chrome on mac (977bdc755f9fe9025be38a3599b6ff45)] -> css selector: [placeholder='Phone']] значением - [1234567890]
20:22:46.752 INFO  phonebook.utils.Listener -- Поиск элемента по локатору  - By.cssSelector: [placeholder='email']
20:22:46.761 INFO  phonebook.utils.Listener -- Клик по элементу - [[ChromeDriver: chrome on mac (977bdc755f9fe9025be38a3599b6ff45)] -> css selector: [placeholder='email']]
20:22:46.797 INFO  phonebook.utils.Listener -- Заполнено поле [[ChromeDriver: chrome on mac (977bdc755f9fe9025be38a3599b6ff45)] -> css selector: [placeholder='email']] значением - [ttrouu@test.de]
20:22:46.797 INFO  phonebook.utils.Listener -- Поиск элемента по локатору  - By.cssSelector: [placeholder='Address']
20:22:46.807 INFO  phonebook.utils.Listener -- Клик по элементу - [[ChromeDriver: chrome on mac (977bdc755f9fe9025be38a3599b6ff45)] -> css selector: [placeholder='Address']]
20:22:46.848 INFO  phonebook.utils.Listener -- Заполнено поле [[ChromeDriver: chrome on mac (977bdc755f9fe9025be38a3599b6ff45)] -> css selector: [placeholder='Address']] значением - [address]
20:22:46.848 INFO  phonebook.utils.Listener -- Поиск элемента по локатору  - By.cssSelector: [placeholder='description']
20:22:46.857 INFO  phonebook.utils.Listener -- Клик по элементу - [[ChromeDriver: chrome on mac (977bdc755f9fe9025be38a3599b6ff45)] -> css selector: [placeholder='description']]
20:22:46.893 INFO  phonebook.utils.Listener -- Заполнено поле [[ChromeDriver: chrome on mac (977bdc755f9fe9025be38a3599b6ff45)] -> css selector: [placeholder='description']] значением - [discr]
20:22:46.893 INFO  phonebook.utils.Listener -- Поиск элемента по локатору  - By.xpath: //*[text()='Save']
20:22:46.901 INFO  phonebook.utils.Listener -- Клик по элементу - [[ChromeDriver: chrome on mac (977bdc755f9fe9025be38a3599b6ff45)] -> xpath: //*[text()='Save']]
20:22:47.564 INFO  phonebook.utils.Listener -- Найдены элементы [Decorated {[[ChromeDriver: chrome on mac (977bdc755f9fe9025be38a3599b6ff45)] -> xpath: //*[text()='jgoinx']]}] по локатору - By.xpath: //*[text()='jgoinx']
20:22:47.574 INFO  tests.tests.BaseTest -- Test 'test7' - 'Проверка добавления контакта с валидными данными, вариант 2' - PASSED
20:22:47.574 INFO  tests.tests.BaseTest -- ======================================================
20:22:47.579 INFO  tests.tests.BaseTest -- ******************* Тесты завершены *******************
20:22:47.579 INFO  tests.tests.BaseTest -- ======================================================
20:31:51.165 INFO  org.testng.internal.Utils -- [TestNG] Running:
  /Users/Artur/Library/Caches/JetBrains/IdeaIC2024.1/temp-testng-customsuite.xml

20:31:51.175 INFO  tests.tests.BaseTest -- ======================================================
20:31:51.175 INFO  tests.tests.BaseTest -- ******************* Запуск тестов *******************
20:31:51.178 INFO  phonebook.core.AppManager -- Выбран браузер - chrome
20:31:52.762 INFO  phonebook.utils.Listener -- Переход по адресу - https://telranedu.web.app
20:31:53.351 INFO  tests.tests.BaseTest -- Test is started: test10
20:31:53.394 INFO  phonebook.utils.Listener -- Найдены элементы [Decorated {[[ChromeDriver: chrome on mac (fd9f1504b5dc0b050adddfa439daf176)] -> css selector: [href='/login']]}] по локатору - By.cssSelector: [href='/login']
20:31:53.394 INFO  phonebook.utils.Listener -- Поиск элемента по локатору  - By.cssSelector: [href='/login']
20:31:53.408 INFO  phonebook.utils.Listener -- Клик по элементу - [[ChromeDriver: chrome on mac (fd9f1504b5dc0b050adddfa439daf176)] -> css selector: [href='/login']]
20:31:53.445 INFO  phonebook.utils.Listener -- Поиск элемента по локатору  - By.xpath: //*[@name='email']
20:31:53.466 INFO  phonebook.utils.Listener -- Клик по элементу - [[ChromeDriver: chrome on mac (fd9f1504b5dc0b050adddfa439daf176)] -> xpath: //*[@name='email']]
20:31:53.569 INFO  phonebook.utils.Listener -- Заполнено поле [[ChromeDriver: chrome on mac (fd9f1504b5dc0b050adddfa439daf176)] -> xpath: //*[@name='email']] значением - [testg@mail.com]
20:31:53.570 INFO  phonebook.utils.Listener -- Поиск элемента по локатору  - By.xpath: //*[@name='password']
20:31:53.581 INFO  phonebook.utils.Listener -- Клик по элементу - [[ChromeDriver: chrome on mac (fd9f1504b5dc0b050adddfa439daf176)] -> xpath: //*[@name='password']]
20:31:53.622 INFO  phonebook.utils.Listener -- Заполнено поле [[ChromeDriver: chrome on mac (fd9f1504b5dc0b050adddfa439daf176)] -> xpath: //*[@name='password']] значением - [Manuel1234$]
20:31:53.622 INFO  phonebook.utils.Listener -- Поиск элемента по локатору  - By.xpath: //*[text()='Login']
20:31:53.634 INFO  phonebook.utils.Listener -- Клик по элементу - [[ChromeDriver: chrome on mac (fd9f1504b5dc0b050adddfa439daf176)] -> xpath: //*[text()='Login']]
20:31:53.653 INFO  phonebook.utils.Listener -- Поиск элемента по локатору  - By.cssSelector: [href='/contacts']
20:31:54.544 INFO  phonebook.utils.Listener -- Клик по элементу - [[ChromeDriver: chrome on mac (fd9f1504b5dc0b050adddfa439daf176)] -> css selector: [href='/contacts']]
20:31:54.598 INFO  phonebook.utils.Listener -- Поиск элемента по локатору  - By.cssSelector: [href='/contacts']
20:31:54.609 INFO  phonebook.utils.Listener -- Клик по элементу - [[ChromeDriver: chrome on mac (fd9f1504b5dc0b050adddfa439daf176)] -> css selector: [href='/contacts']]
20:31:54.630 INFO  phonebook.utils.Listener -- Поиск элемента по локатору  - By.cssSelector: [href='/add']
20:31:54.641 INFO  phonebook.utils.Listener -- Клик по элементу - [[ChromeDriver: chrome on mac (fd9f1504b5dc0b050adddfa439daf176)] -> css selector: [href='/add']]
20:31:54.661 INFO  phonebook.utils.Listener -- Поиск элемента по локатору  - By.cssSelector: [placeholder='Name']
20:31:54.674 INFO  phonebook.utils.Listener -- Клик по элементу - [[ChromeDriver: chrome on mac (fd9f1504b5dc0b050adddfa439daf176)] -> css selector: [placeholder='Name']]
20:31:54.719 INFO  phonebook.utils.Listener -- Заполнено поле [[ChromeDriver: chrome on mac (fd9f1504b5dc0b050adddfa439daf176)] -> css selector: [placeholder='Name']] значением - [fgtfid]
20:31:54.719 INFO  phonebook.utils.Listener -- Поиск элемента по локатору  - By.cssSelector: [placeholder='Last Name']
20:31:54.729 INFO  phonebook.utils.Listener -- Клик по элементу - [[ChromeDriver: chrome on mac (fd9f1504b5dc0b050adddfa439daf176)] -> css selector: [placeholder='Last Name']]
20:31:54.767 INFO  phonebook.utils.Listener -- Заполнено поле [[ChromeDriver: chrome on mac (fd9f1504b5dc0b050adddfa439daf176)] -> css selector: [placeholder='Last Name']] значением - [Testov]
20:31:54.768 INFO  phonebook.utils.Listener -- Поиск элемента по локатору  - By.cssSelector: [placeholder='Phone']
20:31:54.777 INFO  phonebook.utils.Listener -- Клик по элементу - [[ChromeDriver: chrome on mac (fd9f1504b5dc0b050adddfa439daf176)] -> css selector: [placeholder='Phone']]
20:31:54.818 INFO  phonebook.utils.Listener -- Заполнено поле [[ChromeDriver: chrome on mac (fd9f1504b5dc0b050adddfa439daf176)] -> css selector: [placeholder='Phone']] значением - [1234567890]
20:31:54.818 INFO  phonebook.utils.Listener -- Поиск элемента по локатору  - By.cssSelector: [placeholder='email']
20:31:54.828 INFO  phonebook.utils.Listener -- Клик по элементу - [[ChromeDriver: chrome on mac (fd9f1504b5dc0b050adddfa439daf176)] -> css selector: [placeholder='email']]
20:31:54.868 INFO  phonebook.utils.Listener -- Заполнено поле [[ChromeDriver: chrome on mac (fd9f1504b5dc0b050adddfa439daf176)] -> css selector: [placeholder='email']] значением - [esphcw@test.de]
20:31:54.868 INFO  phonebook.utils.Listener -- Поиск элемента по локатору  - By.cssSelector: [placeholder='Address']
20:31:54.879 INFO  phonebook.utils.Listener -- Клик по элементу - [[ChromeDriver: chrome on mac (fd9f1504b5dc0b050adddfa439daf176)] -> css selector: [placeholder='Address']]
20:31:54.918 INFO  phonebook.utils.Listener -- Заполнено поле [[ChromeDriver: chrome on mac (fd9f1504b5dc0b050adddfa439daf176)] -> css selector: [placeholder='Address']] значением - [address]
20:31:54.919 INFO  phonebook.utils.Listener -- Поиск элемента по локатору  - By.xpath: //*[text()='Save']
20:31:54.927 INFO  phonebook.utils.Listener -- Клик по элементу - [[ChromeDriver: chrome on mac (fd9f1504b5dc0b050adddfa439daf176)] -> xpath: //*[text()='Save']]
20:31:56.942 INFO  phonebook.utils.Listener -- Поиск элемента по локатору  - By.xpath: //*[text()='fgtfid']
20:31:56.962 INFO  phonebook.utils.Listener -- Клик по элементу - [[ChromeDriver: chrome on mac (fd9f1504b5dc0b050adddfa439daf176)] -> xpath: //*[text()='fgtfid']]
20:31:56.990 INFO  phonebook.utils.Listener -- Поиск элемента по локатору  - By.xpath: //*[text()='Edit']
20:31:57.003 INFO  phonebook.utils.Listener -- Клик по элементу - [[ChromeDriver: chrome on mac (fd9f1504b5dc0b050adddfa439daf176)] -> xpath: //*[text()='Edit']]
20:31:57.022 INFO  phonebook.utils.Listener -- Поиск элемента по локатору  - By.cssSelector: [placeholder='Name']
20:31:57.031 INFO  phonebook.utils.Listener -- Клик по элементу - [[ChromeDriver: chrome on mac (fd9f1504b5dc0b050adddfa439daf176)] -> css selector: [placeholder='Name']]
20:31:57.086 INFO  phonebook.utils.Listener -- Заполнено поле [[ChromeDriver: chrome on mac (fd9f1504b5dc0b050adddfa439daf176)] -> css selector: [placeholder='Name']] значением - [hhpewn]
20:31:57.086 INFO  phonebook.utils.Listener -- Поиск элемента по локатору  - By.cssSelector: [placeholder='Last Name']
20:31:57.093 INFO  phonebook.utils.Listener -- Клик по элементу - [[ChromeDriver: chrome on mac (fd9f1504b5dc0b050adddfa439daf176)] -> css selector: [placeholder='Last Name']]
20:31:57.143 INFO  phonebook.utils.Listener -- Заполнено поле [[ChromeDriver: chrome on mac (fd9f1504b5dc0b050adddfa439daf176)] -> css selector: [placeholder='Last Name']] значением - [Testov]
20:31:57.143 INFO  phonebook.utils.Listener -- Поиск элемента по локатору  - By.cssSelector: [placeholder='Phone']
20:31:57.154 INFO  phonebook.utils.Listener -- Клик по элементу - [[ChromeDriver: chrome on mac (fd9f1504b5dc0b050adddfa439daf176)] -> css selector: [placeholder='Phone']]
20:31:57.206 INFO  phonebook.utils.Listener -- Заполнено поле [[ChromeDriver: chrome on mac (fd9f1504b5dc0b050adddfa439daf176)] -> css selector: [placeholder='Phone']] значением - [1234567890]
20:31:57.206 INFO  phonebook.utils.Listener -- Поиск элемента по локатору  - By.cssSelector: [placeholder='email']
20:31:57.214 INFO  phonebook.utils.Listener -- Клик по элементу - [[ChromeDriver: chrome on mac (fd9f1504b5dc0b050adddfa439daf176)] -> css selector: [placeholder='email']]
20:31:57.267 INFO  phonebook.utils.Listener -- Заполнено поле [[ChromeDriver: chrome on mac (fd9f1504b5dc0b050adddfa439daf176)] -> css selector: [placeholder='email']] значением - [nuusfq@test.de]
20:31:57.267 INFO  phonebook.utils.Listener -- Поиск элемента по локатору  - By.cssSelector: [placeholder='Address']
20:31:57.274 INFO  phonebook.utils.Listener -- Клик по элементу - [[ChromeDriver: chrome on mac (fd9f1504b5dc0b050adddfa439daf176)] -> css selector: [placeholder='Address']]
20:31:57.324 INFO  phonebook.utils.Listener -- Заполнено поле [[ChromeDriver: chrome on mac (fd9f1504b5dc0b050adddfa439daf176)] -> css selector: [placeholder='Address']] значением - [address]
20:31:57.324 INFO  phonebook.utils.Listener -- Поиск элемента по локатору  - By.xpath: //*[text()='Save']
20:31:57.335 INFO  phonebook.utils.Listener -- Клик по элементу - [[ChromeDriver: chrome on mac (fd9f1504b5dc0b050adddfa439daf176)] -> xpath: //*[text()='Save']]
20:31:59.378 INFO  phonebook.utils.Listener -- Найдены элементы [Decorated {[[ChromeDriver: chrome on mac (fd9f1504b5dc0b050adddfa439daf176)] -> xpath: //*[text()='hhpewn']]}, Decorated {[[ChromeDriver: chrome on mac (fd9f1504b5dc0b050adddfa439daf176)] -> xpath: //*[text()='hhpewn']]}] по локатору - By.xpath: //*[text()='hhpewn']
20:32:04.397 INFO  phonebook.utils.Listener -- Найдены элементы [] по локатору - By.xpath: //*[text()='fgtfid']
20:32:04.398 INFO  phonebook.utils.Listener -- Поиск элемента по локатору  - By.cssSelector: [href='/contacts']
20:32:04.410 INFO  phonebook.utils.Listener -- Клик по элементу - [[ChromeDriver: chrome on mac (fd9f1504b5dc0b050adddfa439daf176)] -> css selector: [href='/contacts']]
20:32:04.433 INFO  phonebook.utils.Listener -- Поиск элемента по локатору  - By.xpath: //*[text()='hhpewn']
20:32:04.448 INFO  phonebook.utils.Listener -- Клик по элементу - [[ChromeDriver: chrome on mac (fd9f1504b5dc0b050adddfa439daf176)] -> xpath: //*[text()='hhpewn']]
20:32:04.470 INFO  phonebook.utils.Listener -- Поиск элемента по локатору  - By.xpath: //*[text()='Remove']
20:32:04.481 INFO  phonebook.utils.Listener -- Клик по элементу - [[ChromeDriver: chrome on mac (fd9f1504b5dc0b050adddfa439daf176)] -> xpath: //*[text()='Remove']]
20:32:05.516 INFO  tests.tests.BaseTest -- Test 'test10' - 'Проверка редактирования  контакта' - PASSED
20:32:05.518 INFO  tests.tests.BaseTest -- ======================================================
20:32:05.528 INFO  tests.tests.BaseTest -- ******************* Тесты завершены *******************
20:32:05.529 INFO  tests.tests.BaseTest -- ======================================================
